2018-05-22 13:05:29,454-root-INFO-user 555555 just logged in
2018-05-22 13:05:31,792-root-INFO-user 555555 Logged out
2018-05-22 13:05:39,033-root-INFO-user 555555 Logged out
2018-05-22 16:11:29,722-root-INFO-user 555555 just logged in
2018-05-22 16:11:55,358-root-INFO-user 555555 Logged out
2018-05-22 17:01:27,027-root-INFO-user admin just logged in
2018-05-22 17:03:29,335-root-INFO-user admin just logged in
2018-05-22 17:35:22,846-root-INFO-user 555555 just logged in
2018-05-22 17:42:27,463-root-INFO-user 555555 just logged in
2018-05-22 17:57:39,729-root-INFO-user 555555 just logged in
2018-05-22 18:07:38,947-root-INFO-user 555555 just logged in
2018-05-22 18:32:33,932-root-INFO-user 555555 just logged in
2018-05-22 18:35:10,492-root-INFO-user 555555 just logged in
2018-05-22 18:37:28,630-root-INFO-user 555555 just logged in
2018-05-22 18:41:48,586-root-INFO-user 555555 just logged in
2018-05-22 18:46:19,331-root-INFO-user 555555 just logged in
2018-05-22 19:13:17,906-root-INFO-user 555555 just logged in
2018-05-22 19:14:42,858-root-INFO-user 555555 just logged in
2018-05-22 19:19:22,022-root-INFO-user 555555 just logged in
2018-05-22 19:23:11,846-root-INFO-user 555555 just logged in
2018-05-22 19:24:32,041-root-INFO-user 555555 just logged in
2018-05-22 19:25:47,809-root-INFO-user 555555 just logged in
2018-05-22 19:31:12,856-root-INFO-user admin just logged in
2018-05-22 19:32:44,622-root-INFO-user 555555 just logged in
2018-05-22 19:38:35,881-root-INFO-user 555555 just logged in
2018-05-22 19:39:04,743-root-INFO-user 555555 just logged in
2018-05-22 19:41:08,857-root-INFO-user admin just logged in
2018-05-22 19:42:08,915-root-INFO-user admin just logged in
2018-05-22 19:42:28,726-root-INFO-user admin Logged out
2018-05-22 19:51:58,289-root-INFO-user 555555 just logged in
2018-05-22 19:55:21,359-root-INFO-user 555555 just logged in
2018-05-22 20:01:55,111-root-INFO-user 555555 just logged in
2018-05-22 20:12:42,692-root-INFO-user 555555 just logged in
2018-05-22 20:22:38,818-root-INFO-user 555555 just logged in
2018-05-22 20:27:17,691-root-INFO-user 555555 just logged in
2018-05-22 20:32:12,715-root-INFO-user 555555 just logged in
2018-05-22 20:34:47,281-root-INFO-user 555555 just logged in
2018-05-22 20:37:45,189-root-INFO-user 555555 just logged in
2018-05-22 20:44:21,281-root-INFO-user 555555 just logged in
2018-05-22 20:45:36,651-root-INFO-user 555555 just logged in
2018-05-22 20:48:20,028-root-INFO-user 555555 just logged in
2018-05-22 20:50:13,416-root-INFO-user 555555 just logged in
2018-05-22 20:58:19,847-root-INFO-user 555555 just logged in
2018-05-22 21:14:19,612-root-INFO-user 555555 just logged in
2018-05-22 22:10:00,996-root-INFO-user 555555 just logged in
2018-05-22 22:21:39,530-root-INFO-user 555555 just logged in
2018-05-22 22:36:46,419-root-INFO-user 555555 just logged in
2018-05-22 22:38:56,885-root-INFO-user 555555 just logged in
2018-05-22 22:40:28,892-root-INFO-user 555555 just logged in
2018-05-22 23:10:22,613-root-INFO-user 555555 just logged in
2018-05-22 23:11:22,760-root-INFO-user 555555 just logged in
2018-05-22 23:13:28,964-root-INFO-user 555555 just logged in
2018-05-22 23:23:45,858-root-INFO-user 555555 just logged in
2018-05-22 23:26:56,979-root-INFO-user 555555 just logged in
2018-05-22 23:28:20,553-root-INFO-user 555555 just logged in
2018-05-22 23:29:41,141-root-INFO-user 555555 just logged in
2018-05-22 23:33:17,488-root-INFO-user 555555 just logged in
2018-05-22 23:34:22,972-root-INFO-user 555555 just logged in
2018-05-22 23:46:46,640-root-INFO-user 555555 just logged in
2018-05-22 23:52:56,825-root-INFO-user 555555 just logged in
2018-05-23 00:12:05,646-root-INFO-user 555555 just logged in
2018-05-23 00:15:12,870-root-INFO-user 555555 just logged in
2018-05-23 00:17:05,102-root-INFO-user 555555 just logged in
2018-05-23 00:18:47,983-root-INFO-user 555555 just logged in
2018-05-23 00:20:26,191-root-INFO-user 555555 just logged in
2018-05-23 00:21:41,293-root-INFO-user 555555 just logged in
2018-05-23 00:23:15,216-root-INFO-user 555555 just logged in
2018-05-23 00:27:45,847-root-INFO-user 555555 just logged in
2018-05-23 00:28:35,258-root-INFO-user admin just logged in
2018-05-23 00:30:32,059-root-INFO-user admin just logged in
2018-05-23 00:32:41,122-root-INFO-user admin just logged in
2018-05-23 00:34:58,502-root-INFO-user admin just logged in
2018-05-23 11:06:03,103-root-INFO-user admin just logged in
2018-05-23 12:19:12,634-root-INFO-user 555555 just logged in
2018-05-23 12:22:39,313-root-INFO-user 555555 just logged in
2018-05-23 12:23:18,958-root-INFO-user 555555 just logged in
2018-05-23 12:23:21,393-root-INFO-user 555555 just View account information
2018-05-23 12:25:09,788-root-INFO-user 555555 just logged in
