2018-05-21 20:00:50,548-s-INFO-user 555555 withdraw cash: 500.0
2018-05-21 20:01:14,659-s-INFO-user 555555 pay_back cash: 500.0
2018-05-21 21:01:21,745-s-INFO-user 555555 withdraw cash: 500.0
2018-05-22 11:00:30,292-root-INFO-user admin withdraw cash: 500.0
2018-05-22 16:11:37,965-root-INFO-user 555555 withdraw cash: 1000.0
2018-05-22 18:32:43,209-root-INFO-user 555555 withdraw cash: 100.0
2018-05-22 18:32:55,365-root-INFO-user 555555 pay_back cash: 1000.0
2018-05-22 18:42:01,829-root-INFO-user 555555 transfer cash: 100.0
2018-05-22 18:42:01,857-root-INFO-user 888888 transfer_rec cash: 100.0
2018-05-22 18:42:24,865-root-INFO-user 555555 transfer cash: 100.0
2018-05-22 18:42:24,893-root-INFO-user 888888 transfer_rec cash: 100.0
2018-05-22 19:42:21,496-root-INFO-user admin transfer cash: 1000.0
2018-05-22 19:42:21,525-root-INFO-user 555555 transfer_rec cash: 1000.0
2018-05-22 19:51:58,317-root-INFO-user 555555 consume cash: 8033
2018-05-22 20:12:42,721-root-INFO-user 555555 consume cash: 8033
2018-05-22 20:22:38,841-root-INFO-user 555555 consume cash: 8033
2018-05-22 20:28:54,345-root-INFO-user 555555 consume cash: 8033
2018-05-22 20:32:12,739-root-INFO-user 555555 consume cash: 8033
2018-05-22 20:34:47,306-root-INFO-user 555555 consume cash: 8033
2018-05-22 20:37:45,213-root-INFO-user 555555 consume cash: 8033
2018-05-22 20:44:21,305-root-INFO-user 555555 consume cash: 8033
2018-05-22 20:44:21,328-root-INFO-user 555555 consume cash: 8033
2018-05-22 20:48:20,051-root-INFO-user 555555 consume cash: 8033
2018-05-22 20:50:13,440-root-INFO-user 555555 consume cash: 8033
2018-05-22 20:58:19,892-root-INFO-user 555555 consume cash: 8033
2018-05-22 21:06:59,525-root-INFO-user 555555 consume cash: 8033
2018-05-22 21:14:19,641-root-INFO-user 555555 consume cash: 8033
2018-05-22 21:14:19,670-root-INFO-user 555555 consume cash: 8033
2018-05-22 22:10:01,019-root-INFO-user 555555 consume cash: 8033
2018-05-22 22:21:39,560-root-INFO-user 555555 consume cash: 8033
2018-05-22 22:21:39,588-root-INFO-user 555555 consume cash: 8033
2018-05-22 22:36:46,454-root-INFO-user 555555 consume cash: 8033
2018-05-22 22:36:46,484-root-INFO-user 555555 consume cash: 8033
2018-05-22 22:38:56,915-root-INFO-user 555555 consume cash: 8033
2018-05-22 22:38:57,070-root-INFO-user 555555 consume cash: 8033
2018-05-22 22:38:57,121-root-INFO-user 555555 consume cash: 8033
2018-05-22 22:40:28,922-root-INFO-user 555555 consume cash: 8033
2018-05-22 22:40:28,953-root-INFO-user 555555 consume cash: 8033
2018-05-22 22:40:29,092-root-INFO-user 555555 consume cash: 8033
2018-05-22 23:10:22,642-root-INFO-user 555555 consume cash: 8033
2018-05-22 23:10:22,670-root-INFO-user 555555 consume cash: 8033
2018-05-22 23:10:22,699-root-INFO-user 555555 consume cash: 8033
2018-05-22 23:11:22,790-root-INFO-user 555555 consume cash: 8033
2018-05-22 23:11:22,820-root-INFO-user 555555 consume cash: 8033
2018-05-22 23:11:22,850-root-INFO-user 555555 consume cash: 8033
2018-05-22 23:13:28,993-root-INFO-user 555555 consume cash: 8033
2018-05-22 23:13:29,105-root-INFO-user 555555 consume cash: 8033
2018-05-22 23:13:29,133-root-INFO-user 555555 consume cash: 8033
2018-05-22 23:23:45,887-root-INFO-user 555555 consume cash: 1999
2018-05-22 23:23:45,915-root-INFO-user 555555 consume cash: 1999
2018-05-22 23:23:45,945-root-INFO-user 555555 consume cash: 1999
2018-05-22 23:23:53,888-root-INFO-user 555555 consume cash: 1999
2018-05-22 23:26:57,008-root-INFO-user 555555 consume cash: 10
2018-05-22 23:26:57,037-root-INFO-user 555555 consume cash: 10
2018-05-22 23:26:57,068-root-INFO-user 555555 consume cash: 10
2018-05-22 23:28:20,583-root-INFO-user 555555 consume cash: 10
2018-05-22 23:28:20,613-root-INFO-user 555555 consume cash: 10
2018-05-22 23:28:20,643-root-INFO-user 555555 consume cash: 10
2018-05-22 23:29:41,425-root-INFO-user 555555 consume cash: 10
2018-05-22 23:29:41,456-root-INFO-user 555555 consume cash: 10
2018-05-22 23:29:41,486-root-INFO-user 555555 consume cash: 10
2018-05-22 23:33:17,517-root-INFO-user 555555 consume cash: 10
2018-05-22 23:33:17,546-root-INFO-user 555555 consume cash: 10
2018-05-22 23:33:17,577-root-INFO-user 555555 consume cash: 10
2018-05-22 23:34:35,637-root-INFO-user 555555 withdraw cash: 100.0
2018-05-22 23:36:47,094-root-INFO-user 555555 transfer cash: 1000000.0
2018-05-22 23:36:47,123-root-INFO-user admin transfer_rec cash: 1000000.0
2018-05-22 23:37:09,091-root-INFO-user 555555 transfer cash: 10000000.0
2018-05-22 23:37:09,120-root-INFO-user admin transfer_rec cash: 10000000.0
2018-05-22 23:46:46,665-root-INFO-user 555555 consume cash: 20
2018-05-22 23:46:46,690-root-INFO-user 555555 consume cash: 20
2018-05-22 23:46:46,849-root-INFO-user 555555 consume cash: 20
2018-05-22 23:51:24,471-root-INFO-user 555555 consume cash: 10
2018-05-22 23:51:27,591-root-INFO-user 555555 consume cash: 10
2018-05-22 23:51:35,454-root-INFO-user 555555 consume cash: 10
2018-05-22 23:51:39,324-root-INFO-user 555555 consume cash: 10
2018-05-22 23:51:39,952-root-INFO-user 555555 consume cash: 10
2018-05-22 23:51:40,495-root-INFO-user 555555 consume cash: 10
2018-05-22 23:51:41,028-root-INFO-user 555555 consume cash: 10
2018-05-22 23:52:56,849-root-INFO-user 555555 consume cash: 10
2018-05-22 23:52:56,874-root-INFO-user 555555 consume cash: 10
2018-05-22 23:52:56,897-root-INFO-user 555555 consume cash: 10
2018-05-22 23:53:14,254-root-INFO-user 555555 consume cash: 10
2018-05-22 23:54:28,130-root-INFO-user 555555 consume cash: 10
2018-05-23 00:09:45,544-root-INFO-user 555555 consume cash: 10
2018-05-23 00:12:05,670-root-INFO-user 555555 consume cash: 10
2018-05-23 00:12:05,695-root-INFO-user 555555 consume cash: 10
2018-05-23 00:12:05,720-root-INFO-user 555555 consume cash: 10
2018-05-23 00:12:57,118-root-INFO-user 555555 consume cash: 10
2018-05-23 00:15:12,895-root-INFO-user 555555 consume cash: 10
2018-05-23 00:15:22,992-root-INFO-user 555555 consume cash: 10
2018-05-23 00:17:05,126-root-INFO-user 555555 consume cash: 10
2018-05-23 00:17:15,917-root-INFO-user 555555 consume cash: 20
2018-05-23 00:18:48,007-root-INFO-user 555555 consume cash: 20
2018-05-23 00:19:04,719-root-INFO-user 555555 consume cash: 10
2018-05-23 00:20:26,216-root-INFO-user 555555 consume cash: 10
2018-05-23 00:20:37,202-root-INFO-user 555555 consume cash: 20
2018-05-23 00:21:41,317-root-INFO-user 555555 consume cash: 20
2018-05-23 00:22:05,445-root-INFO-user 555555 consume cash: 20
2018-05-23 00:23:15,245-root-INFO-user 555555 consume cash: 20
2018-05-23 00:23:24,510-root-INFO-user 555555 consume cash: 20
2018-05-23 00:27:45,872-root-INFO-user 555555 consume cash: 10
2018-05-23 00:27:59,517-root-INFO-user 555555 consume cash: 20
2018-05-23 00:33:30,271-root-INFO-user admin withdraw cash: 100000000.0
2018-05-23 12:19:12,657-root-INFO-user 555555 consume cash: 1999
2018-05-23 12:22:39,337-root-INFO-user 555555 consume cash: 1999
