2018-05-22 16:02:03,791-root-INFO-user alex just logged in mall
2018-05-22 16:02:06,605-root-INFO-user alex view shopping cart
2018-05-22 16:02:16,036-root-INFO-user alex add a Computer to shopping cart
2018-05-22 16:02:17,042-root-INFO-user alex add a mouse to shopping cart
2018-05-22 16:02:17,424-root-INFO-user alex add a houseboat to shopping cart
2018-05-22 16:02:18,929-root-INFO-user alex add a Sexy belle to shopping cart
2018-05-22 16:02:20,724-root-INFO-user alex view shopping cart
2018-05-22 16:02:23,317-root-INFO-user alex just logged out mall
2018-05-22 16:48:26,730-root-INFO-user alex just logged in mall
2018-05-22 16:49:50,072-root-INFO-user alex just logged in mall
2018-05-22 16:50:44,510-root-INFO-user alex just logged in mall
2018-05-22 16:50:51,169-root-INFO-user alex view shopping cart
2018-05-22 16:56:10,633-root-INFO-user alex just logged in mall
2018-05-22 16:56:52,044-root-INFO-user alex just logged in mall
2018-05-22 16:56:55,494-root-INFO-user alex add a Sexy belle to shopping cart
2018-05-22 16:57:20,244-root-INFO-user alex view shopping cart
2018-05-22 16:58:12,185-root-INFO-user alex just logged in mall
2018-05-22 16:58:17,912-root-INFO-user alex add a Computer to shopping cart
2018-05-22 16:58:30,648-root-INFO-user alex view shopping cart
2018-05-22 16:59:48,807-root-INFO-user alex just logged in mall
2018-05-22 17:04:38,759-root-INFO-user alex just logged in mall
2018-05-22 17:23:27,420-root-INFO-user alex just logged in mall
2018-05-22 17:23:31,605-root-INFO-user alex view shopping cart
2018-05-22 17:26:55,576-root-INFO-user alex just logged in mall
2018-05-22 17:27:00,758-root-INFO-user alex view shopping cart
2018-05-22 17:29:35,227-root-INFO-user alex just logged in mall
2018-05-22 17:29:36,700-root-INFO-user alex view shopping cart
2018-05-22 17:31:13,847-root-INFO-user alex just logged in mall
2018-05-22 17:31:16,472-root-INFO-user alex view shopping cart
2018-05-22 17:34:18,575-root-INFO-user alex just logged in mall
2018-05-22 17:34:20,230-root-INFO-user alex view shopping cart
2018-05-22 17:42:12,641-root-INFO-user alex just logged in mall
2018-05-22 17:42:14,850-root-INFO-user alex view shopping cart
2018-05-22 17:45:47,123-root-INFO-user alex just logged in mall
2018-05-22 17:47:17,489-root-INFO-user alex just logged in mall
2018-05-22 17:47:22,631-root-INFO-user alex view shopping cart
2018-05-22 17:50:10,297-root-INFO-user alex just logged in mall
2018-05-22 17:50:18,577-root-INFO-user alex view shopping cart
2018-05-22 17:50:30,684-root-INFO-user alex add a Computer to shopping cart
2018-05-22 17:50:34,211-root-INFO-user alex add a mouse to shopping cart
2018-05-22 17:50:37,036-root-INFO-user alex view shopping cart
2018-05-22 17:52:00,910-root-INFO-user alex just logged in mall
2018-05-22 17:52:04,037-root-INFO-user alex view shopping cart
2018-05-22 17:52:57,444-root-INFO-user alex just logged in mall
2018-05-22 17:53:02,136-root-INFO-user alex view shopping cart
2018-05-22 17:54:57,302-root-INFO-user alex just logged in mall
2018-05-22 17:54:59,139-root-INFO-user alex view shopping cart
2018-05-22 17:55:58,990-root-INFO-user alex just logged in mall
2018-05-22 17:56:44,384-root-INFO-user alex view shopping cart
2018-05-22 18:03:53,714-root-INFO-user alex just logged in mall
2018-05-22 18:03:55,373-root-INFO-user alex view shopping cart
2018-05-22 18:07:29,109-root-INFO-user alex just logged in mall
2018-05-22 18:07:30,943-root-INFO-user alex view shopping cart
2018-05-22 18:37:20,298-root-INFO-user alex just logged in mall
2018-05-22 18:37:22,952-root-INFO-user alex just logged out mall
2018-05-22 19:43:13,198-root-INFO-user alex just logged in mall
2018-05-22 19:51:44,070-root-INFO-user alex just logged in mall
2018-05-22 19:51:45,950-root-INFO-user alex view shopping cart
2018-05-22 19:55:08,316-root-INFO-user alex just logged in mall
2018-05-22 19:55:11,788-root-INFO-user alex view shopping cart
2018-05-22 20:01:44,395-root-INFO-user alex just logged in mall
2018-05-22 20:01:48,774-root-INFO-user alex view shopping cart
2018-05-22 20:02:54,758-root-INFO-user alex view shopping cart
2018-05-22 20:12:34,202-root-INFO-user alex just logged in mall
2018-05-22 20:12:35,893-root-INFO-user alex view shopping cart
2018-05-22 20:16:24,411-root-INFO-user alex just logged out mall
2018-05-22 20:22:28,276-root-INFO-user alex just logged in mall
2018-05-22 20:22:30,670-root-INFO-user alex view shopping cart
2018-05-22 20:26:18,182-root-INFO-user alex just logged in mall
2018-05-22 20:26:48,424-root-INFO-user alex just logged in mall
2018-05-22 20:26:51,455-root-INFO-user alex view shopping cart
2018-05-22 20:32:04,545-root-INFO-user alex just logged in mall
2018-05-22 20:32:06,482-root-INFO-user alex view shopping cart
2018-05-22 20:34:25,700-root-INFO-user alex just logged in mall
2018-05-22 20:34:27,544-root-INFO-user alex view shopping cart
2018-05-22 20:37:24,566-root-INFO-user alex just logged in mall
2018-05-22 20:37:26,206-root-INFO-user alex view shopping cart
2018-05-22 20:44:12,817-root-INFO-user alex just logged in mall
2018-05-22 20:44:14,611-root-INFO-user alex view shopping cart
2018-05-22 20:45:25,854-root-INFO-user alex just logged in mall
2018-05-22 20:45:27,595-root-INFO-user alex view shopping cart
2018-05-22 20:48:10,556-root-INFO-user alex just logged in mall
2018-05-22 20:48:13,449-root-INFO-user alex view shopping cart
2018-05-22 20:50:04,180-root-INFO-user alex just logged in mall
2018-05-22 20:50:05,767-root-INFO-user alex view shopping cart
2018-05-22 20:58:10,347-root-INFO-user alex just logged in mall
2018-05-22 20:58:12,478-root-INFO-user alex view shopping cart
2018-05-22 21:14:05,474-root-INFO-user alex just logged in mall
2018-05-22 21:14:08,519-root-INFO-user alex view shopping cart
2018-05-22 22:09:49,249-root-INFO-user alex just logged in mall
2018-05-22 22:09:52,362-root-INFO-user alex view shopping cart
2018-05-22 22:21:28,391-root-INFO-user alex just logged in mall
2018-05-22 22:21:31,533-root-INFO-user alex view shopping cart
2018-05-22 22:32:18,781-root-INFO-user alex just logged in mall
2018-05-22 22:36:34,073-root-INFO-user alex view shopping cart
2018-05-22 22:38:44,120-root-INFO-user alex just logged in mall
2018-05-22 22:38:45,819-root-INFO-user alex view shopping cart
2018-05-22 22:40:20,028-root-INFO-user alex just logged in mall
2018-05-22 22:40:21,836-root-INFO-user alex view shopping cart
2018-05-22 23:10:11,118-root-INFO-user alex just logged in mall
2018-05-22 23:10:12,889-root-INFO-user alex view shopping cart
2018-05-22 23:11:12,134-root-INFO-user alex just logged in mall
2018-05-22 23:11:13,839-root-INFO-user alex view shopping cart
2018-05-22 23:13:17,277-root-INFO-user alex just logged in mall
2018-05-22 23:13:20,129-root-INFO-user alex view shopping cart
2018-05-22 23:14:56,075-root-INFO-user alex just logged out mall
2018-05-22 23:14:57,141-root-INFO-user alex just logged out mall
2018-05-22 23:23:15,706-root-INFO-user alex just logged in mall
2018-05-22 23:23:23,688-root-INFO-user alex add a Computer to shopping cart
2018-05-22 23:23:26,305-root-INFO-user alex view shopping cart
2018-05-22 23:23:39,129-root-INFO-user alex view shopping cart
2018-05-22 23:26:30,618-root-INFO-user alex just logged in mall
2018-05-22 23:26:34,545-root-INFO-user alex add a mouse to shopping cart
2018-05-22 23:26:47,312-root-INFO-user alex view shopping cart
2018-05-22 23:28:05,418-root-INFO-user alex just logged in mall
2018-05-22 23:28:10,942-root-INFO-user alex add a mouse to shopping cart
2018-05-22 23:28:12,995-root-INFO-user alex view shopping cart
2018-05-22 23:29:00,311-root-INFO-user alex just logged in mall
2018-05-22 23:29:30,131-root-INFO-user alex add a mouse to shopping cart
2018-05-22 23:29:32,466-root-INFO-user alex view shopping cart
2018-05-22 23:33:01,679-root-INFO-user alex just logged in mall
2018-05-22 23:33:06,514-root-INFO-user alex add a mouse to shopping cart
2018-05-22 23:33:08,592-root-INFO-user alex view shopping cart
2018-05-22 23:40:26,912-root-INFO-user alex just logged in mall
2018-05-22 23:42:30,252-root-INFO-user alex just logged in mall
2018-05-22 23:43:15,536-root-INFO-user alex just logged in mall
2018-05-22 23:43:41,458-root-INFO-user alex just logged in mall
2018-05-22 23:46:24,373-root-INFO-user alex just logged in mall
2018-05-22 23:46:30,696-root-INFO-user alex add a mouse to shopping cart
2018-05-22 23:46:32,480-root-INFO-user alex add a mouse to shopping cart
2018-05-22 23:46:33,938-root-INFO-user alex view shopping cart
2018-05-22 23:46:55,380-root-INFO-user alex just logged out mall
2018-05-22 23:47:05,414-root-INFO-user alex just logged out mall
2018-05-22 23:51:10,092-root-INFO-user alex view shopping cart
2018-05-22 23:51:19,238-root-INFO-user alex add a mouse to shopping cart
2018-05-22 23:51:22,230-root-INFO-user alex view shopping cart
2018-05-22 23:52:44,185-root-INFO-user alex just logged in mall
2018-05-22 23:52:46,660-root-INFO-user alex view shopping cart
2018-05-22 23:53:00,042-root-INFO-user alex view shopping cart
2018-05-22 23:53:10,494-root-INFO-user alex add a mouse to shopping cart
2018-05-22 23:53:12,597-root-INFO-user alex view shopping cart
2018-05-22 23:54:24,405-root-INFO-user alex view shopping cart
2018-05-23 00:09:43,736-root-INFO-user alex view shopping cart
2018-05-23 00:11:50,721-root-INFO-user alex just logged in mall
2018-05-23 00:11:53,188-root-INFO-user alex view shopping cart
2018-05-23 00:12:44,813-root-INFO-user alex view shopping cart
2018-05-23 00:12:51,396-root-INFO-user alex add a mouse to shopping cart
2018-05-23 00:12:55,011-root-INFO-user alex view shopping cart
2018-05-23 00:15:02,798-root-INFO-user alex just logged in mall
2018-05-23 00:15:05,420-root-INFO-user alex view shopping cart
2018-05-23 00:15:19,392-root-INFO-user alex add a mouse to shopping cart
2018-05-23 00:15:21,070-root-INFO-user alex view shopping cart
2018-05-23 00:16:55,703-root-INFO-user alex just logged in mall
2018-05-23 00:16:58,043-root-INFO-user alex view shopping cart
2018-05-23 00:17:10,966-root-INFO-user alex add a mouse to shopping cart
2018-05-23 00:17:12,493-root-INFO-user alex add a mouse to shopping cart
2018-05-23 00:17:14,275-root-INFO-user alex view shopping cart
2018-05-23 00:18:39,469-root-INFO-user alex just logged in mall
2018-05-23 00:18:41,306-root-INFO-user alex view shopping cart
2018-05-23 00:18:54,938-root-INFO-user alex view shopping cart
2018-05-23 00:18:59,044-root-INFO-user alex add a mouse to shopping cart
2018-05-23 00:19:01,970-root-INFO-user alex view shopping cart
2018-05-23 00:20:13,601-root-INFO-user alex just logged in mall
2018-05-23 00:20:19,088-root-INFO-user alex view shopping cart
2018-05-23 00:20:28,533-root-INFO-user alex view shopping cart
2018-05-23 00:20:33,130-root-INFO-user alex add a mouse to shopping cart
2018-05-23 00:20:33,509-root-INFO-user alex add a mouse to shopping cart
2018-05-23 00:20:35,925-root-INFO-user alex view shopping cart
2018-05-23 00:21:30,213-root-INFO-user alex just logged in mall
2018-05-23 00:21:32,118-root-INFO-user alex view shopping cart
2018-05-23 00:21:51,332-root-INFO-user alex add a mouse to shopping cart
2018-05-23 00:21:51,731-root-INFO-user alex add a mouse to shopping cart
2018-05-23 00:22:02,834-root-INFO-user alex view shopping cart
2018-05-23 00:23:04,052-root-INFO-user alex just logged in mall
2018-05-23 00:23:06,252-root-INFO-user alex view shopping cart
2018-05-23 00:23:18,366-root-INFO-user alex view shopping cart
2018-05-23 00:23:20,825-root-INFO-user alex add a mouse to shopping cart
2018-05-23 00:23:21,281-root-INFO-user alex add a mouse to shopping cart
2018-05-23 00:23:23,120-root-INFO-user alex view shopping cart
2018-05-23 00:27:25,571-root-INFO-user alex just logged in mall
2018-05-23 00:27:34,304-root-INFO-user alex add a mouse to shopping cart
2018-05-23 00:27:35,694-root-INFO-user alex view shopping cart
2018-05-23 00:27:50,571-root-INFO-user alex view shopping cart
2018-05-23 00:27:53,526-root-INFO-user alex add a mouse to shopping cart
2018-05-23 00:27:57,094-root-INFO-user alex add a mouse to shopping cart
2018-05-23 00:27:58,067-root-INFO-user alex view shopping cart
2018-05-23 12:18:08,361-root-INFO-user alex just logged in mall
2018-05-23 12:18:58,348-root-INFO-user alex add a Computer to shopping cart
2018-05-23 12:18:59,276-root-INFO-user alex view shopping cart
2018-05-23 12:22:13,641-root-INFO-user alex just logged in mall
2018-05-23 12:22:18,872-root-INFO-user alex add a Computer to shopping cart
2018-05-23 12:22:20,331-root-INFO-user alex view shopping cart
2018-05-23 12:22:44,423-root-INFO-user alex view shopping cart
2018-05-23 12:28:03,926-root-INFO-user alex just logged in mall
2018-05-23 12:28:07,130-root-INFO-user alex just logged out mall
2018-05-23 12:29:01,787-root-INFO-user alex just logged in mall
2018-05-23 12:29:05,050-root-INFO-user alex just logged out mall
2018-05-23 12:31:39,808-root-INFO-user alex just logged in mall
2018-05-23 12:31:44,605-root-INFO-user alex view shopping cart
