2018-05-22 23:13:29,150-root-INFO-alex cost 8033 to buy something({'Computer': {'number': 3, 'price': 5997}, 'mouse': {'number': 2, 'price': 20}, 'houseboat': {'number': 1, 'price': 20}, 'Sexy belle': {'number': 2, 'price': 1996}})
2018-05-22 23:23:45,959-root-INFO-alex cost 1999 to buy something({'Computer': {'number': 1, 'price': 1999}})
2018-05-22 23:26:57,082-root-INFO-alex cost 10 to buy something({'mouse': {'number': 1, 'price': 10}})
2018-05-22 23:28:20,657-root-INFO-alex cost 10 to buy something({'mouse': {'number': 1, 'price': 10}})
2018-05-22 23:29:41,500-root-INFO-alex cost 10 to buy something({'mouse': {'number': 1, 'price': 10}})
2018-05-22 23:33:17,592-root-INFO-alex cost 10 pay for by ID:555555 to buy something({'mouse': {'number': 1, 'price': 10}})
2018-05-22 23:46:46,861-root-INFO-alex cost 20 pay for by ID:555555 to buy something({'mouse': {'number': 2, 'price': 20}})
2018-05-22 23:52:56,910-root-INFO-alex cost 10 pay for by ID:555555 to buy something({'mouse': {'number': 1, 'price': 10}})
2018-05-23 00:12:05,733-root-INFO-alex cost 10 pay for by ID:555555 to buy something({'mouse': {'number': 1, 'price': 10}})
2018-05-23 00:15:12,907-root-INFO-alex cost 10 pay for by ID:555555 to buy something({'mouse': {'number': 1, 'price': 10}})
2018-05-23 00:17:05,139-root-INFO-alex cost 10 pay for by ID:555555 to buy something({'mouse': {'number': 1, 'price': 10}})
2018-05-23 00:18:48,020-root-INFO-alex cost 20 pay for by ID:555555 to buy something({'mouse': {'number': 2, 'price': 20}})
2018-05-23 00:20:26,228-root-INFO-alex cost 10 pay for by ID:555555 to buy something({'mouse': {'number': 1, 'price': 10}})
2018-05-23 00:21:41,330-root-INFO-alex cost 20 pay for by ID:555555 to buy something({'mouse': {'number': 2, 'price': 20}})
2018-05-23 00:23:15,258-root-INFO-alex cost 20 pay for by ID:555555 to buy something({'mouse': {'number': 2, 'price': 20}})
2018-05-23 00:23:24,525-root-INFO-alex cost 20 pay for by ID:555555 to buy something({'mouse': {'number': 2, 'price': 20}})
2018-05-23 00:27:45,885-root-INFO-alex cost 10 pay for by ID:555555 to buy something({'mouse': {'number': 1, 'price': 10}})
2018-05-23 00:27:59,531-root-INFO-alex cost 20 pay for by ID:555555 to buy something({'mouse': {'number': 2, 'price': 20}})
2018-05-23 12:19:12,741-root-INFO-alex cost 1999 pay for by ID:555555 to buy something({'Computer': {'number': 1, 'price': 1999}})
2018-05-23 12:22:39,350-root-INFO-alex cost 1999 pay for by ID:555555 to buy something({'Computer': {'number': 1, 'price': 1999}})
